<?xml version="1.0" encoding="UTF-8"?>
<!-- Generated by org.testng.reporters.JUnitReportReporter -->
<testsuite hostname="Lenovo" failures="0" tests="4" name="api.tests.UserTests" time="16.399" errors="0" timestamp="2024-09-25T11:35:00 IST" skipped="0">
  <testcase classname="api.tests.UserTests" name="testPostUser" time="9.174"/>
  <testcase classname="api.tests.UserTests" name="testGetUser" time="1.926"/>
  <testcase classname="api.tests.UserTests" name="testUpdateUser" time="2.473"/>
  <testcase classname="api.tests.UserTests" name="testDeleteUser" time="2.826"/>
</testsuite> <!-- api.tests.UserTests -->
