<?xml version="1.0" encoding="UTF-8"?>
<!-- Generated by org.testng.reporters.JUnitReportReporter -->
<testsuite hostname="Lenovo" failures="0" tests="4" name="api.tests.UserTests" time="15.908" errors="0" timestamp="2024-09-25T11:38:10 IST" skipped="0">
  <testcase classname="api.tests.UserTests" name="testPostUser" time="7.691"/>
  <testcase classname="api.tests.UserTests" name="testGetUser" time="1.952"/>
  <testcase classname="api.tests.UserTests" name="testUpdateUser" time="4.460"/>
  <testcase classname="api.tests.UserTests" name="testDeleteUser" time="1.805"/>
</testsuite> <!-- api.tests.UserTests -->
